c:\users\utilizador\documents\visual studio 2012\projects\so2proj\so2projc\debug\cliente.obj
c:\users\utilizador\documents\visual studio 2012\projects\so2proj\so2projc\debug\vc110.pdb
c:\users\utilizador\documents\visual studio 2012\projects\so2proj\debug\so2projc.ilk
c:\users\utilizador\documents\visual studio 2012\projects\so2proj\debug\so2projc.exe
c:\users\utilizador\documents\visual studio 2012\projects\so2proj\debug\so2projc.pdb
c:\users\ceara\source\workspaces\warcraft\so2\so2proj\so2projc\debug\cliente.obj
c:\users\ceara\source\workspaces\warcraft\so2\so2proj\so2projc\debug\cl.command.1.tlog
c:\users\ceara\source\workspaces\warcraft\so2\so2proj\so2projc\debug\cl.read.1.tlog
c:\users\ceara\source\workspaces\warcraft\so2\so2proj\so2projc\debug\cl.write.1.tlog
c:\users\ceara\source\workspaces\warcraft\so2\so2proj\so2projc\debug\link-cvtres.read.1.tlog
c:\users\ceara\source\workspaces\warcraft\so2\so2proj\so2projc\debug\link-cvtres.write.1.tlog
c:\users\ceara\source\workspaces\warcraft\so2\so2proj\so2projc\debug\link-rc.read.1.tlog
c:\users\ceara\source\workspaces\warcraft\so2\so2proj\so2projc\debug\link-rc.write.1.tlog
c:\users\ceara\source\workspaces\warcraft\so2\so2proj\so2projc\debug\link.command.1.tlog
c:\users\ceara\source\workspaces\warcraft\so2\so2proj\so2projc\debug\link.read.1.tlog
c:\users\ceara\source\workspaces\warcraft\so2\so2proj\so2projc\debug\link.write.1.tlog
c:\users\ceara\source\workspaces\warcraft\so2\so2proj\so2projc\debug\vc110.idb
c:\users\ceara\source\workspaces\warcraft\so2\so2proj\so2projc\debug\vc110.pdb
c:\users\ceara\source\workspaces\warcraft\so2\so2proj\debug\so2projc.pdb
c:\users\ceara\source\workspaces\warcraft\so2\so2proj\debug\so2projc.exe
c:\users\ceara\source\workspaces\warcraft\so2\so2proj\debug\so2projc.ilk
