c:\users\utilizador\documents\visual studio 2012\projects\so2proj\so2proj\debug\servidor.obj
c:\users\utilizador\documents\visual studio 2012\projects\so2proj\so2proj\debug\vc110.pdb
c:\users\utilizador\documents\visual studio 2012\projects\so2proj\debug\so2proj.ilk
c:\users\utilizador\documents\visual studio 2012\projects\so2proj\debug\so2proj.exe
c:\users\utilizador\documents\visual studio 2012\projects\so2proj\debug\so2proj.pdb
c:\users\ceara\source\workspaces\warcraft\so2\so2proj\so2proj\debug\vc120.pdb
c:\users\ceara\source\workspaces\warcraft\so2\so2proj\so2proj\debug\vc120.idb
c:\users\ceara\source\workspaces\warcraft\so2\so2proj\so2proj\debug\servidor.obj
c:\users\ceara\source\workspaces\warcraft\so2\so2proj\debug\so2proj.ilk
c:\users\ceara\source\workspaces\warcraft\so2\so2proj\debug\so2proj.exe
c:\users\ceara\source\workspaces\warcraft\so2\so2proj\debug\so2proj.pdb
c:\users\ceara\source\workspaces\warcraft\so2\so2proj\so2proj\debug\cl.command.1.tlog
c:\users\ceara\source\workspaces\warcraft\so2\so2proj\so2proj\debug\cl.read.1.tlog
c:\users\ceara\source\workspaces\warcraft\so2\so2proj\so2proj\debug\cl.write.1.tlog
c:\users\ceara\source\workspaces\warcraft\so2\so2proj\so2proj\debug\link-cvtres.read.1.tlog
c:\users\ceara\source\workspaces\warcraft\so2\so2proj\so2proj\debug\link-cvtres.write.1.tlog
c:\users\ceara\source\workspaces\warcraft\so2\so2proj\so2proj\debug\link-rc.read.1.tlog
c:\users\ceara\source\workspaces\warcraft\so2\so2proj\so2proj\debug\link-rc.write.1.tlog
c:\users\ceara\source\workspaces\warcraft\so2\so2proj\so2proj\debug\link.command.1.tlog
c:\users\ceara\source\workspaces\warcraft\so2\so2proj\so2proj\debug\link.read.1.tlog
c:\users\ceara\source\workspaces\warcraft\so2\so2proj\so2proj\debug\link.write.1.tlog
c:\users\ceara\source\workspaces\warcraft\so2\so2proj\so2proj\debug\vc110.idb
c:\users\ceara\source\workspaces\warcraft\so2\so2proj\so2proj\debug\vc110.pdb
c:\users\ceara\source\workspaces\warcraft\so2\so2proj\so2proj\debug\so2proj.tlog\cl.command.1.tlog
c:\users\ceara\source\workspaces\warcraft\so2\so2proj\so2proj\debug\so2proj.tlog\cl.read.1.tlog
c:\users\ceara\source\workspaces\warcraft\so2\so2proj\so2proj\debug\so2proj.tlog\cl.write.1.tlog
c:\users\ceara\source\workspaces\warcraft\so2\so2proj\so2proj\debug\so2proj.tlog\link.command.1.tlog
c:\users\ceara\source\workspaces\warcraft\so2\so2proj\so2proj\debug\so2proj.tlog\link.read.1.tlog
c:\users\ceara\source\workspaces\warcraft\so2\so2proj\so2proj\debug\so2proj.tlog\link.write.1.tlog
